{"/Users/ardaakcabuyuk/IdeaProjects/armut_messaging_service/server.js": {"path":"/Users/ardaakcabuyuk/IdeaProjects/armut_messaging_service/server.js","statementMap":{"0":{"start":{"line":1,"column":16},"end":{"line":1,"column":34}},"1":{"start":{"line":2,"column":19},"end":{"line":2,"column":43}},"2":{"start":{"line":3,"column":18},"end":{"line":3,"column":47}},"3":{"start":{"line":4,"column":16},"end":{"line":4,"column":42}},"4":{"start":{"line":7,"column":16},"end":{"line":7,"column":25}},"5":{"start":{"line":8,"column":4},"end":{"line":8,"column":27}},"6":{"start":{"line":9,"column":4},"end":{"line":9,"column":92}},"7":{"start":{"line":10,"column":4},"end":{"line":10,"column":30}},"8":{"start":{"line":11,"column":4},"end":{"line":11,"column":32}},"9":{"start":{"line":12,"column":4},"end":{"line":12,"column":14}},"10":{"start":{"line":15,"column":0},"end":{"line":15,"column":29}}},"fnMap":{"0":{"name":"createServer","decl":{"start":{"line":6,"column":9},"end":{"line":6,"column":21}},"loc":{"start":{"line":6,"column":24},"end":{"line":13,"column":1}},"line":6}},"branchMap":{},"s":{"0":1,"1":1,"2":1,"3":1,"4":1,"5":1,"6":1,"7":1,"8":1,"9":1,"10":1},"f":{"0":1},"b":{},"_coverageSchema":"1a1c01bbd47fc00a2c39e90264f33305004495a9","hash":"677b5378060982575df0a92eb6f834f1da4df107"}
,"/Users/ardaakcabuyuk/IdeaProjects/armut_messaging_service/models/blocked.js": {"path":"/Users/ardaakcabuyuk/IdeaProjects/armut_messaging_service/models/blocked.js","statementMap":{"0":{"start":{"line":1,"column":17},"end":{"line":1,"column":36}},"1":{"start":{"line":2,"column":19},"end":{"line":2,"column":27}},"2":{"start":{"line":4,"column":16},"end":{"line":13,"column":2}},"3":{"start":{"line":15,"column":0},"end":{"line":15,"column":49}}},"fnMap":{},"branchMap":{},"s":{"0":1,"1":1,"2":1,"3":1},"f":{},"b":{},"_coverageSchema":"1a1c01bbd47fc00a2c39e90264f33305004495a9","hash":"a6638328a1b1511600f3e441b7ec9a3f5c28c66a"}
,"/Users/ardaakcabuyuk/IdeaProjects/armut_messaging_service/models/log.js": {"path":"/Users/ardaakcabuyuk/IdeaProjects/armut_messaging_service/models/log.js","statementMap":{"0":{"start":{"line":1,"column":17},"end":{"line":1,"column":36}},"1":{"start":{"line":2,"column":19},"end":{"line":2,"column":27}},"2":{"start":{"line":4,"column":12},"end":{"line":17,"column":2}},"3":{"start":{"line":19,"column":0},"end":{"line":19,"column":43}}},"fnMap":{},"branchMap":{},"s":{"0":1,"1":1,"2":1,"3":1},"f":{},"b":{},"_coverageSchema":"1a1c01bbd47fc00a2c39e90264f33305004495a9","hash":"4b710528112855827457fbf10db91dcdf116a3b1"}
,"/Users/ardaakcabuyuk/IdeaProjects/armut_messaging_service/models/message.js": {"path":"/Users/ardaakcabuyuk/IdeaProjects/armut_messaging_service/models/message.js","statementMap":{"0":{"start":{"line":1,"column":17},"end":{"line":1,"column":36}},"1":{"start":{"line":2,"column":19},"end":{"line":2,"column":27}},"2":{"start":{"line":4,"column":16},"end":{"line":21,"column":2}},"3":{"start":{"line":23,"column":0},"end":{"line":23,"column":51}}},"fnMap":{},"branchMap":{},"s":{"0":1,"1":1,"2":1,"3":1},"f":{},"b":{},"_coverageSchema":"1a1c01bbd47fc00a2c39e90264f33305004495a9","hash":"153e08f1c050cb358601fc100f89591276baec40"}
,"/Users/ardaakcabuyuk/IdeaProjects/armut_messaging_service/models/user.js": {"path":"/Users/ardaakcabuyuk/IdeaProjects/armut_messaging_service/models/user.js","statementMap":{"0":{"start":{"line":1,"column":17},"end":{"line":1,"column":36}},"1":{"start":{"line":2,"column":19},"end":{"line":2,"column":27}},"2":{"start":{"line":4,"column":13},"end":{"line":14,"column":2}},"3":{"start":{"line":16,"column":0},"end":{"line":16,"column":45}}},"fnMap":{},"branchMap":{},"s":{"0":1,"1":1,"2":1,"3":1},"f":{},"b":{},"_coverageSchema":"1a1c01bbd47fc00a2c39e90264f33305004495a9","hash":"c1b34bed029683a3b603ffcb0a9076d280043d6a"}
,"/Users/ardaakcabuyuk/IdeaProjects/armut_messaging_service/routes/auth.js": {"path":"/Users/ardaakcabuyuk/IdeaProjects/armut_messaging_service/routes/auth.js","statementMap":{"0":{"start":{"line":1,"column":16},"end":{"line":1,"column":34}},"1":{"start":{"line":2,"column":13},"end":{"line":2,"column":38}},"2":{"start":{"line":3,"column":12},"end":{"line":3,"column":36}},"3":{"start":{"line":4,"column":15},"end":{"line":4,"column":41}},"4":{"start":{"line":5,"column":12},"end":{"line":5,"column":21}},"5":{"start":{"line":7,"column":0},"end":{"line":47,"column":2}},"6":{"start":{"line":8,"column":19},"end":{"line":8,"column":21}},"7":{"start":{"line":9,"column":4},"end":{"line":46,"column":5}},"8":{"start":{"line":10,"column":8},"end":{"line":14,"column":9}},"9":{"start":{"line":11,"column":12},"end":{"line":11,"column":49}},"10":{"start":{"line":12,"column":12},"end":{"line":12,"column":35}},"11":{"start":{"line":13,"column":12},"end":{"line":13,"column":49}},"12":{"start":{"line":16,"column":8},"end":{"line":40,"column":10}},"13":{"start":{"line":17,"column":12},"end":{"line":39,"column":13}},"14":{"start":{"line":18,"column":16},"end":{"line":18,"column":54}},"15":{"start":{"line":19,"column":16},"end":{"line":19,"column":39}},"16":{"start":{"line":20,"column":16},"end":{"line":20,"column":45}},"17":{"start":{"line":24,"column":29},"end":{"line":24,"column":47}},"18":{"start":{"line":26,"column":28},"end":{"line":29,"column":18}},"19":{"start":{"line":31,"column":16},"end":{"line":38,"column":17}},"20":{"start":{"line":32,"column":20},"end":{"line":32,"column":37}},"21":{"start":{"line":33,"column":20},"end":{"line":33,"column":36}},"22":{"start":{"line":34,"column":20},"end":{"line":34,"column":41}},"23":{"start":{"line":36,"column":20},"end":{"line":36,"column":48}},"24":{"start":{"line":37,"column":20},"end":{"line":37,"column":54}},"25":{"start":{"line":43,"column":8},"end":{"line":43,"column":66}},"26":{"start":{"line":44,"column":8},"end":{"line":44,"column":36}},"27":{"start":{"line":45,"column":8},"end":{"line":45,"column":45}},"28":{"start":{"line":49,"column":0},"end":{"line":111,"column":2}},"29":{"start":{"line":50,"column":19},"end":{"line":50,"column":21}},"30":{"start":{"line":51,"column":4},"end":{"line":110,"column":5}},"31":{"start":{"line":52,"column":25},"end":{"line":52,"column":42}},"32":{"start":{"line":53,"column":25},"end":{"line":53,"column":42}},"33":{"start":{"line":55,"column":8},"end":{"line":104,"column":9}},"34":{"start":{"line":59,"column":16},"end":{"line":62,"column":17}},"35":{"start":{"line":60,"column":20},"end":{"line":60,"column":51}},"36":{"start":{"line":61,"column":20},"end":{"line":61,"column":60}},"37":{"start":{"line":64,"column":16},"end":{"line":68,"column":17}},"38":{"start":{"line":65,"column":20},"end":{"line":65,"column":55}},"39":{"start":{"line":66,"column":20},"end":{"line":66,"column":48}},"40":{"start":{"line":67,"column":20},"end":{"line":67,"column":49}},"41":{"start":{"line":70,"column":16},"end":{"line":85,"column":17}},"42":{"start":{"line":71,"column":32},"end":{"line":74,"column":22}},"43":{"start":{"line":76,"column":20},"end":{"line":84,"column":21}},"44":{"start":{"line":77,"column":24},"end":{"line":77,"column":40}},"45":{"start":{"line":78,"column":24},"end":{"line":78,"column":60}},"46":{"start":{"line":79,"column":24},"end":{"line":79,"column":52}},"47":{"start":{"line":80,"column":24},"end":{"line":80,"column":61}},"48":{"start":{"line":82,"column":24},"end":{"line":82,"column":57}},"49":{"start":{"line":83,"column":24},"end":{"line":83,"column":66}},"50":{"start":{"line":87,"column":16},"end":{"line":87,"column":39}},"51":{"start":{"line":89,"column":28},"end":{"line":92,"column":18}},"52":{"start":{"line":94,"column":16},"end":{"line":101,"column":17}},"53":{"start":{"line":95,"column":20},"end":{"line":95,"column":36}},"54":{"start":{"line":96,"column":20},"end":{"line":96,"column":54}},"55":{"start":{"line":97,"column":20},"end":{"line":97,"column":53}},"56":{"start":{"line":99,"column":20},"end":{"line":99,"column":53}},"57":{"start":{"line":100,"column":20},"end":{"line":100,"column":62}},"58":{"start":{"line":107,"column":8},"end":{"line":107,"column":52}},"59":{"start":{"line":108,"column":8},"end":{"line":108,"column":36}},"60":{"start":{"line":109,"column":8},"end":{"line":109,"column":45}},"61":{"start":{"line":113,"column":0},"end":{"line":134,"column":2}},"62":{"start":{"line":114,"column":19},"end":{"line":114,"column":21}},"63":{"start":{"line":115,"column":4},"end":{"line":129,"column":5}},"64":{"start":{"line":116,"column":20},"end":{"line":119,"column":10}},"65":{"start":{"line":121,"column":8},"end":{"line":128,"column":9}},"66":{"start":{"line":122,"column":12},"end":{"line":122,"column":33}},"67":{"start":{"line":123,"column":12},"end":{"line":123,"column":28}},"68":{"start":{"line":124,"column":12},"end":{"line":124,"column":57}},"69":{"start":{"line":126,"column":12},"end":{"line":126,"column":45}},"70":{"start":{"line":127,"column":12},"end":{"line":127,"column":54}},"71":{"start":{"line":131,"column":4},"end":{"line":131,"column":47}},"72":{"start":{"line":132,"column":4},"end":{"line":132,"column":32}},"73":{"start":{"line":133,"column":4},"end":{"line":133,"column":41}},"74":{"start":{"line":136,"column":0},"end":{"line":164,"column":2}},"75":{"start":{"line":137,"column":19},"end":{"line":137,"column":21}},"76":{"start":{"line":138,"column":4},"end":{"line":163,"column":5}},"77":{"start":{"line":139,"column":8},"end":{"line":157,"column":9}},"78":{"start":{"line":140,"column":12},"end":{"line":151,"column":14}},"79":{"start":{"line":141,"column":16},"end":{"line":144,"column":17}},"80":{"start":{"line":142,"column":20},"end":{"line":142,"column":51}},"81":{"start":{"line":143,"column":20},"end":{"line":143,"column":60}},"82":{"start":{"line":146,"column":16},"end":{"line":148,"column":17}},"83":{"start":{"line":147,"column":20},"end":{"line":147,"column":74}},"84":{"start":{"line":150,"column":16},"end":{"line":150,"column":37}},"85":{"start":{"line":154,"column":12},"end":{"line":154,"column":52}},"86":{"start":{"line":155,"column":12},"end":{"line":155,"column":40}},"87":{"start":{"line":156,"column":12},"end":{"line":156,"column":49}},"88":{"start":{"line":160,"column":8},"end":{"line":160,"column":40}},"89":{"start":{"line":161,"column":8},"end":{"line":161,"column":36}},"90":{"start":{"line":162,"column":8},"end":{"line":162,"column":45}},"91":{"start":{"line":167,"column":4},"end":{"line":167,"column":85}},"92":{"start":{"line":170,"column":0},"end":{"line":170,"column":20}}},"fnMap":{"0":{"name":"(anonymous_0)","decl":{"start":{"line":7,"column":22},"end":{"line":7,"column":23}},"loc":{"start":{"line":7,"column":42},"end":{"line":47,"column":1}},"line":7},"1":{"name":"(anonymous_1)","decl":{"start":{"line":16,"column":52},"end":{"line":16,"column":53}},"loc":{"start":{"line":16,"column":78},"end":{"line":40,"column":9}},"line":16},"2":{"name":"(anonymous_2)","decl":{"start":{"line":49,"column":19},"end":{"line":49,"column":20}},"loc":{"start":{"line":49,"column":39},"end":{"line":111,"column":1}},"line":49},"3":{"name":"(anonymous_3)","decl":{"start":{"line":58,"column":12},"end":{"line":58,"column":13}},"loc":{"start":{"line":58,"column":39},"end":{"line":103,"column":13}},"line":58},"4":{"name":"(anonymous_4)","decl":{"start":{"line":113,"column":19},"end":{"line":113,"column":20}},"loc":{"start":{"line":113,"column":39},"end":{"line":134,"column":1}},"line":113},"5":{"name":"(anonymous_5)","decl":{"start":{"line":136,"column":17},"end":{"line":136,"column":18}},"loc":{"start":{"line":136,"column":37},"end":{"line":164,"column":1}},"line":136},"6":{"name":"(anonymous_6)","decl":{"start":{"line":140,"column":25},"end":{"line":140,"column":26}},"loc":{"start":{"line":140,"column":51},"end":{"line":151,"column":13}},"line":140},"7":{"name":"logError","decl":{"start":{"line":166,"column":9},"end":{"line":166,"column":17}},"loc":{"start":{"line":166,"column":35},"end":{"line":168,"column":1}},"line":166}},"branchMap":{"0":{"loc":{"start":{"line":9,"column":4},"end":{"line":46,"column":5}},"type":"if","locations":[{"start":{"line":9,"column":4},"end":{"line":46,"column":5}},{"start":{"line":9,"column":4},"end":{"line":46,"column":5}}],"line":9},"1":{"loc":{"start":{"line":10,"column":8},"end":{"line":14,"column":9}},"type":"if","locations":[{"start":{"line":10,"column":8},"end":{"line":14,"column":9}},{"start":{"line":10,"column":8},"end":{"line":14,"column":9}}],"line":10},"2":{"loc":{"start":{"line":10,"column":12},"end":{"line":10,"column":62}},"type":"binary-expr","locations":[{"start":{"line":10,"column":12},"end":{"line":10,"column":35}},{"start":{"line":10,"column":39},"end":{"line":10,"column":62}}],"line":10},"3":{"loc":{"start":{"line":17,"column":12},"end":{"line":39,"column":13}},"type":"if","locations":[{"start":{"line":17,"column":12},"end":{"line":39,"column":13}},{"start":{"line":17,"column":12},"end":{"line":39,"column":13}}],"line":17},"4":{"loc":{"start":{"line":51,"column":4},"end":{"line":110,"column":5}},"type":"if","locations":[{"start":{"line":51,"column":4},"end":{"line":110,"column":5}},{"start":{"line":51,"column":4},"end":{"line":110,"column":5}}],"line":51},"5":{"loc":{"start":{"line":59,"column":16},"end":{"line":62,"column":17}},"type":"if","locations":[{"start":{"line":59,"column":16},"end":{"line":62,"column":17}},{"start":{"line":59,"column":16},"end":{"line":62,"column":17}}],"line":59},"6":{"loc":{"start":{"line":64,"column":16},"end":{"line":68,"column":17}},"type":"if","locations":[{"start":{"line":64,"column":16},"end":{"line":68,"column":17}},{"start":{"line":64,"column":16},"end":{"line":68,"column":17}}],"line":64},"7":{"loc":{"start":{"line":70,"column":16},"end":{"line":85,"column":17}},"type":"if","locations":[{"start":{"line":70,"column":16},"end":{"line":85,"column":17}},{"start":{"line":70,"column":16},"end":{"line":85,"column":17}}],"line":70},"8":{"loc":{"start":{"line":115,"column":4},"end":{"line":129,"column":5}},"type":"if","locations":[{"start":{"line":115,"column":4},"end":{"line":129,"column":5}},{"start":{"line":115,"column":4},"end":{"line":129,"column":5}}],"line":115},"9":{"loc":{"start":{"line":138,"column":4},"end":{"line":163,"column":5}},"type":"if","locations":[{"start":{"line":138,"column":4},"end":{"line":163,"column":5}},{"start":{"line":138,"column":4},"end":{"line":163,"column":5}}],"line":138},"10":{"loc":{"start":{"line":139,"column":8},"end":{"line":157,"column":9}},"type":"if","locations":[{"start":{"line":139,"column":8},"end":{"line":157,"column":9}},{"start":{"line":139,"column":8},"end":{"line":157,"column":9}}],"line":139},"11":{"loc":{"start":{"line":141,"column":16},"end":{"line":144,"column":17}},"type":"if","locations":[{"start":{"line":141,"column":16},"end":{"line":144,"column":17}},{"start":{"line":141,"column":16},"end":{"line":144,"column":17}}],"line":141},"12":{"loc":{"start":{"line":146,"column":16},"end":{"line":148,"column":17}},"type":"if","locations":[{"start":{"line":146,"column":16},"end":{"line":148,"column":17}},{"start":{"line":146,"column":16},"end":{"line":148,"column":17}}],"line":146}},"s":{"0":1,"1":1,"2":1,"3":1,"4":1,"5":1,"6":1,"7":1,"8":1,"9":0,"10":0,"11":0,"12":1,"13":1,"14":0,"15":0,"16":0,"17":1,"18":1,"19":1,"20":1,"21":1,"22":1,"23":0,"24":0,"25":0,"26":0,"27":0,"28":1,"29":1,"30":1,"31":1,"32":1,"33":1,"34":1,"35":0,"36":0,"37":1,"38":0,"39":0,"40":0,"41":1,"42":0,"43":0,"44":0,"45":0,"46":0,"47":0,"48":0,"49":0,"50":1,"51":1,"52":1,"53":1,"54":1,"55":1,"56":0,"57":0,"58":0,"59":0,"60":0,"61":1,"62":0,"63":0,"64":0,"65":0,"66":0,"67":0,"68":0,"69":0,"70":0,"71":0,"72":0,"73":0,"74":1,"75":0,"76":0,"77":0,"78":0,"79":0,"80":0,"81":0,"82":0,"83":0,"84":0,"85":0,"86":0,"87":0,"88":0,"89":0,"90":0,"91":0,"92":1},"f":{"0":1,"1":1,"2":1,"3":1,"4":0,"5":0,"6":0,"7":0},"b":{"0":[1,0],"1":[0,1],"2":[1,1],"3":[0,1],"4":[1,0],"5":[0,1],"6":[0,1],"7":[0,1],"8":[0,0],"9":[0,0],"10":[0,0],"11":[0,0],"12":[0,0]},"_coverageSchema":"1a1c01bbd47fc00a2c39e90264f33305004495a9","hash":"8492d7ede3117258098e4513aae705ef9af900a3"}
,"/Users/ardaakcabuyuk/IdeaProjects/armut_messaging_service/routes/messaging.js": {"path":"/Users/ardaakcabuyuk/IdeaProjects/armut_messaging_service/routes/messaging.js","statementMap":{"0":{"start":{"line":1,"column":16},"end":{"line":1,"column":34}},"1":{"start":{"line":2,"column":16},"end":{"line":2,"column":44}},"2":{"start":{"line":3,"column":13},"end":{"line":3,"column":38}},"3":{"start":{"line":4,"column":16},"end":{"line":4,"column":44}},"4":{"start":{"line":5,"column":12},"end":{"line":5,"column":36}},"5":{"start":{"line":6,"column":15},"end":{"line":6,"column":41}},"6":{"start":{"line":8,"column":12},"end":{"line":8,"column":21}},"7":{"start":{"line":10,"column":0},"end":{"line":72,"column":2}},"8":{"start":{"line":11,"column":19},"end":{"line":11,"column":21}},"9":{"start":{"line":12,"column":4},"end":{"line":71,"column":5}},"10":{"start":{"line":13,"column":8},"end":{"line":66,"column":9}},"11":{"start":{"line":14,"column":23},"end":{"line":14,"column":36}},"12":{"start":{"line":15,"column":25},"end":{"line":15,"column":50}},"13":{"start":{"line":16,"column":12},"end":{"line":60,"column":14}},"14":{"start":{"line":19,"column":16},"end":{"line":22,"column":17}},"15":{"start":{"line":20,"column":20},"end":{"line":20,"column":51}},"16":{"start":{"line":21,"column":20},"end":{"line":21,"column":49}},"17":{"start":{"line":23,"column":16},"end":{"line":27,"column":17}},"18":{"start":{"line":24,"column":20},"end":{"line":24,"column":63}},"19":{"start":{"line":25,"column":20},"end":{"line":25,"column":48}},"20":{"start":{"line":26,"column":20},"end":{"line":26,"column":57}},"21":{"start":{"line":29,"column":16},"end":{"line":59,"column":18}},"22":{"start":{"line":32,"column":20},"end":{"line":58,"column":21}},"23":{"start":{"line":33,"column":40},"end":{"line":33,"column":56}},"24":{"start":{"line":35,"column":40},"end":{"line":39,"column":26}},"25":{"start":{"line":41,"column":36},"end":{"line":44,"column":26}},"26":{"start":{"line":46,"column":24},"end":{"line":53,"column":25}},"27":{"start":{"line":47,"column":28},"end":{"line":47,"column":48}},"28":{"start":{"line":48,"column":28},"end":{"line":48,"column":44}},"29":{"start":{"line":49,"column":28},"end":{"line":49,"column":52}},"30":{"start":{"line":51,"column":28},"end":{"line":51,"column":61}},"31":{"start":{"line":52,"column":28},"end":{"line":52,"column":62}},"32":{"start":{"line":55,"column":24},"end":{"line":55,"column":79}},"33":{"start":{"line":56,"column":24},"end":{"line":56,"column":52}},"34":{"start":{"line":57,"column":24},"end":{"line":57,"column":61}},"35":{"start":{"line":63,"column":12},"end":{"line":63,"column":55}},"36":{"start":{"line":64,"column":12},"end":{"line":64,"column":40}},"37":{"start":{"line":65,"column":12},"end":{"line":65,"column":49}},"38":{"start":{"line":69,"column":8},"end":{"line":69,"column":41}},"39":{"start":{"line":70,"column":8},"end":{"line":70,"column":43}},"40":{"start":{"line":74,"column":0},"end":{"line":132,"column":2}},"41":{"start":{"line":75,"column":19},"end":{"line":75,"column":21}},"42":{"start":{"line":76,"column":4},"end":{"line":131,"column":5}},"43":{"start":{"line":77,"column":8},"end":{"line":126,"column":9}},"44":{"start":{"line":78,"column":12},"end":{"line":120,"column":14}},"45":{"start":{"line":81,"column":16},"end":{"line":84,"column":17}},"46":{"start":{"line":82,"column":20},"end":{"line":82,"column":51}},"47":{"start":{"line":83,"column":20},"end":{"line":83,"column":52}},"48":{"start":{"line":86,"column":16},"end":{"line":90,"column":17}},"49":{"start":{"line":87,"column":20},"end":{"line":87,"column":81}},"50":{"start":{"line":88,"column":20},"end":{"line":88,"column":48}},"51":{"start":{"line":89,"column":20},"end":{"line":89,"column":57}},"52":{"start":{"line":92,"column":16},"end":{"line":119,"column":18}},"53":{"start":{"line":98,"column":20},"end":{"line":101,"column":21}},"54":{"start":{"line":99,"column":24},"end":{"line":99,"column":55}},"55":{"start":{"line":100,"column":24},"end":{"line":100,"column":64}},"56":{"start":{"line":103,"column":20},"end":{"line":105,"column":21}},"57":{"start":{"line":104,"column":24},"end":{"line":104,"column":67}},"58":{"start":{"line":107,"column":32},"end":{"line":110,"column":22}},"59":{"start":{"line":112,"column":20},"end":{"line":118,"column":21}},"60":{"start":{"line":113,"column":24},"end":{"line":113,"column":40}},"61":{"start":{"line":114,"column":24},"end":{"line":114,"column":42}},"62":{"start":{"line":116,"column":24},"end":{"line":116,"column":57}},"63":{"start":{"line":117,"column":24},"end":{"line":117,"column":66}},"64":{"start":{"line":123,"column":12},"end":{"line":123,"column":55}},"65":{"start":{"line":124,"column":12},"end":{"line":124,"column":40}},"66":{"start":{"line":125,"column":12},"end":{"line":125,"column":49}},"67":{"start":{"line":129,"column":8},"end":{"line":129,"column":41}},"68":{"start":{"line":130,"column":8},"end":{"line":130,"column":43}},"69":{"start":{"line":134,"column":0},"end":{"line":199,"column":2}},"70":{"start":{"line":135,"column":19},"end":{"line":135,"column":21}},"71":{"start":{"line":136,"column":4},"end":{"line":198,"column":5}},"72":{"start":{"line":137,"column":8},"end":{"line":194,"column":9}},"73":{"start":{"line":138,"column":12},"end":{"line":188,"column":14}},"74":{"start":{"line":141,"column":16},"end":{"line":144,"column":17}},"75":{"start":{"line":142,"column":20},"end":{"line":142,"column":51}},"76":{"start":{"line":143,"column":20},"end":{"line":143,"column":60}},"77":{"start":{"line":146,"column":16},"end":{"line":150,"column":17}},"78":{"start":{"line":147,"column":20},"end":{"line":147,"column":81}},"79":{"start":{"line":148,"column":20},"end":{"line":148,"column":48}},"80":{"start":{"line":149,"column":20},"end":{"line":149,"column":57}},"81":{"start":{"line":152,"column":16},"end":{"line":187,"column":18}},"82":{"start":{"line":158,"column":20},"end":{"line":161,"column":21}},"83":{"start":{"line":159,"column":24},"end":{"line":159,"column":55}},"84":{"start":{"line":160,"column":24},"end":{"line":160,"column":64}},"85":{"start":{"line":163,"column":20},"end":{"line":182,"column":21}},"86":{"start":{"line":164,"column":38},"end":{"line":167,"column":26}},"87":{"start":{"line":169,"column":36},"end":{"line":172,"column":26}},"88":{"start":{"line":174,"column":24},"end":{"line":181,"column":25}},"89":{"start":{"line":175,"column":28},"end":{"line":175,"column":46}},"90":{"start":{"line":176,"column":28},"end":{"line":176,"column":44}},"91":{"start":{"line":177,"column":28},"end":{"line":177,"column":106}},"92":{"start":{"line":179,"column":28},"end":{"line":179,"column":61}},"93":{"start":{"line":180,"column":28},"end":{"line":180,"column":70}},"94":{"start":{"line":184,"column":20},"end":{"line":184,"column":102}},"95":{"start":{"line":185,"column":20},"end":{"line":185,"column":48}},"96":{"start":{"line":186,"column":20},"end":{"line":186,"column":57}},"97":{"start":{"line":191,"column":12},"end":{"line":191,"column":55}},"98":{"start":{"line":192,"column":12},"end":{"line":192,"column":40}},"99":{"start":{"line":193,"column":12},"end":{"line":193,"column":49}},"100":{"start":{"line":196,"column":8},"end":{"line":196,"column":41}},"101":{"start":{"line":197,"column":8},"end":{"line":197,"column":43}},"102":{"start":{"line":201,"column":0},"end":{"line":257,"column":2}},"103":{"start":{"line":202,"column":19},"end":{"line":202,"column":21}},"104":{"start":{"line":203,"column":4},"end":{"line":256,"column":5}},"105":{"start":{"line":204,"column":8},"end":{"line":252,"column":9}},"106":{"start":{"line":205,"column":12},"end":{"line":246,"column":14}},"107":{"start":{"line":208,"column":16},"end":{"line":211,"column":17}},"108":{"start":{"line":209,"column":20},"end":{"line":209,"column":51}},"109":{"start":{"line":210,"column":20},"end":{"line":210,"column":60}},"110":{"start":{"line":213,"column":16},"end":{"line":217,"column":17}},"111":{"start":{"line":214,"column":20},"end":{"line":214,"column":81}},"112":{"start":{"line":215,"column":20},"end":{"line":215,"column":48}},"113":{"start":{"line":216,"column":20},"end":{"line":216,"column":57}},"114":{"start":{"line":219,"column":16},"end":{"line":245,"column":18}},"115":{"start":{"line":222,"column":20},"end":{"line":225,"column":21}},"116":{"start":{"line":223,"column":24},"end":{"line":223,"column":55}},"117":{"start":{"line":224,"column":24},"end":{"line":224,"column":64}},"118":{"start":{"line":227,"column":20},"end":{"line":240,"column":21}},"119":{"start":{"line":228,"column":36},"end":{"line":231,"column":26}},"120":{"start":{"line":233,"column":24},"end":{"line":239,"column":25}},"121":{"start":{"line":234,"column":28},"end":{"line":234,"column":44}},"122":{"start":{"line":235,"column":28},"end":{"line":235,"column":108}},"123":{"start":{"line":237,"column":28},"end":{"line":237,"column":61}},"124":{"start":{"line":238,"column":28},"end":{"line":238,"column":62}},"125":{"start":{"line":242,"column":20},"end":{"line":242,"column":71}},"126":{"start":{"line":243,"column":20},"end":{"line":243,"column":48}},"127":{"start":{"line":244,"column":20},"end":{"line":244,"column":57}},"128":{"start":{"line":249,"column":12},"end":{"line":249,"column":55}},"129":{"start":{"line":250,"column":12},"end":{"line":250,"column":40}},"130":{"start":{"line":251,"column":12},"end":{"line":251,"column":49}},"131":{"start":{"line":254,"column":8},"end":{"line":254,"column":41}},"132":{"start":{"line":255,"column":8},"end":{"line":255,"column":43}},"133":{"start":{"line":260,"column":4},"end":{"line":260,"column":85}},"134":{"start":{"line":263,"column":0},"end":{"line":263,"column":20}}},"fnMap":{"0":{"name":"(anonymous_0)","decl":{"start":{"line":10,"column":30},"end":{"line":10,"column":31}},"loc":{"start":{"line":10,"column":50},"end":{"line":72,"column":1}},"line":10},"1":{"name":"(anonymous_1)","decl":{"start":{"line":18,"column":15},"end":{"line":18,"column":16}},"loc":{"start":{"line":18,"column":42},"end":{"line":60,"column":13}},"line":18},"2":{"name":"(anonymous_2)","decl":{"start":{"line":31,"column":19},"end":{"line":31,"column":20}},"loc":{"start":{"line":31,"column":47},"end":{"line":59,"column":17}},"line":31},"3":{"name":"(anonymous_3)","decl":{"start":{"line":74,"column":31},"end":{"line":74,"column":32}},"loc":{"start":{"line":74,"column":51},"end":{"line":132,"column":1}},"line":74},"4":{"name":"(anonymous_4)","decl":{"start":{"line":80,"column":15},"end":{"line":80,"column":16}},"loc":{"start":{"line":80,"column":42},"end":{"line":120,"column":13}},"line":80},"5":{"name":"(anonymous_5)","decl":{"start":{"line":97,"column":19},"end":{"line":97,"column":20}},"loc":{"start":{"line":97,"column":50},"end":{"line":119,"column":17}},"line":97},"6":{"name":"(anonymous_6)","decl":{"start":{"line":134,"column":29},"end":{"line":134,"column":30}},"loc":{"start":{"line":134,"column":49},"end":{"line":199,"column":1}},"line":134},"7":{"name":"(anonymous_7)","decl":{"start":{"line":140,"column":15},"end":{"line":140,"column":16}},"loc":{"start":{"line":140,"column":42},"end":{"line":188,"column":13}},"line":140},"8":{"name":"(anonymous_8)","decl":{"start":{"line":157,"column":19},"end":{"line":157,"column":20}},"loc":{"start":{"line":157,"column":49},"end":{"line":187,"column":17}},"line":157},"9":{"name":"(anonymous_9)","decl":{"start":{"line":201,"column":33},"end":{"line":201,"column":34}},"loc":{"start":{"line":201,"column":53},"end":{"line":257,"column":1}},"line":201},"10":{"name":"(anonymous_10)","decl":{"start":{"line":207,"column":15},"end":{"line":207,"column":16}},"loc":{"start":{"line":207,"column":42},"end":{"line":246,"column":13}},"line":207},"11":{"name":"(anonymous_11)","decl":{"start":{"line":221,"column":19},"end":{"line":221,"column":20}},"loc":{"start":{"line":221,"column":48},"end":{"line":245,"column":17}},"line":221},"12":{"name":"logError","decl":{"start":{"line":259,"column":9},"end":{"line":259,"column":17}},"loc":{"start":{"line":259,"column":35},"end":{"line":261,"column":1}},"line":259}},"branchMap":{"0":{"loc":{"start":{"line":13,"column":8},"end":{"line":66,"column":9}},"type":"if","locations":[{"start":{"line":13,"column":8},"end":{"line":66,"column":9}},{"start":{"line":13,"column":8},"end":{"line":66,"column":9}}],"line":13},"1":{"loc":{"start":{"line":19,"column":16},"end":{"line":22,"column":17}},"type":"if","locations":[{"start":{"line":19,"column":16},"end":{"line":22,"column":17}},{"start":{"line":19,"column":16},"end":{"line":22,"column":17}}],"line":19},"2":{"loc":{"start":{"line":23,"column":16},"end":{"line":27,"column":17}},"type":"if","locations":[{"start":{"line":23,"column":16},"end":{"line":27,"column":17}},{"start":{"line":23,"column":16},"end":{"line":27,"column":17}}],"line":23},"3":{"loc":{"start":{"line":32,"column":20},"end":{"line":58,"column":21}},"type":"if","locations":[{"start":{"line":32,"column":20},"end":{"line":58,"column":21}},{"start":{"line":32,"column":20},"end":{"line":58,"column":21}}],"line":32},"4":{"loc":{"start":{"line":77,"column":8},"end":{"line":126,"column":9}},"type":"if","locations":[{"start":{"line":77,"column":8},"end":{"line":126,"column":9}},{"start":{"line":77,"column":8},"end":{"line":126,"column":9}}],"line":77},"5":{"loc":{"start":{"line":81,"column":16},"end":{"line":84,"column":17}},"type":"if","locations":[{"start":{"line":81,"column":16},"end":{"line":84,"column":17}},{"start":{"line":81,"column":16},"end":{"line":84,"column":17}}],"line":81},"6":{"loc":{"start":{"line":86,"column":16},"end":{"line":90,"column":17}},"type":"if","locations":[{"start":{"line":86,"column":16},"end":{"line":90,"column":17}},{"start":{"line":86,"column":16},"end":{"line":90,"column":17}}],"line":86},"7":{"loc":{"start":{"line":98,"column":20},"end":{"line":101,"column":21}},"type":"if","locations":[{"start":{"line":98,"column":20},"end":{"line":101,"column":21}},{"start":{"line":98,"column":20},"end":{"line":101,"column":21}}],"line":98},"8":{"loc":{"start":{"line":103,"column":20},"end":{"line":105,"column":21}},"type":"if","locations":[{"start":{"line":103,"column":20},"end":{"line":105,"column":21}},{"start":{"line":103,"column":20},"end":{"line":105,"column":21}}],"line":103},"9":{"loc":{"start":{"line":137,"column":8},"end":{"line":194,"column":9}},"type":"if","locations":[{"start":{"line":137,"column":8},"end":{"line":194,"column":9}},{"start":{"line":137,"column":8},"end":{"line":194,"column":9}}],"line":137},"10":{"loc":{"start":{"line":141,"column":16},"end":{"line":144,"column":17}},"type":"if","locations":[{"start":{"line":141,"column":16},"end":{"line":144,"column":17}},{"start":{"line":141,"column":16},"end":{"line":144,"column":17}}],"line":141},"11":{"loc":{"start":{"line":146,"column":16},"end":{"line":150,"column":17}},"type":"if","locations":[{"start":{"line":146,"column":16},"end":{"line":150,"column":17}},{"start":{"line":146,"column":16},"end":{"line":150,"column":17}}],"line":146},"12":{"loc":{"start":{"line":158,"column":20},"end":{"line":161,"column":21}},"type":"if","locations":[{"start":{"line":158,"column":20},"end":{"line":161,"column":21}},{"start":{"line":158,"column":20},"end":{"line":161,"column":21}}],"line":158},"13":{"loc":{"start":{"line":163,"column":20},"end":{"line":182,"column":21}},"type":"if","locations":[{"start":{"line":163,"column":20},"end":{"line":182,"column":21}},{"start":{"line":163,"column":20},"end":{"line":182,"column":21}}],"line":163},"14":{"loc":{"start":{"line":204,"column":8},"end":{"line":252,"column":9}},"type":"if","locations":[{"start":{"line":204,"column":8},"end":{"line":252,"column":9}},{"start":{"line":204,"column":8},"end":{"line":252,"column":9}}],"line":204},"15":{"loc":{"start":{"line":208,"column":16},"end":{"line":211,"column":17}},"type":"if","locations":[{"start":{"line":208,"column":16},"end":{"line":211,"column":17}},{"start":{"line":208,"column":16},"end":{"line":211,"column":17}}],"line":208},"16":{"loc":{"start":{"line":213,"column":16},"end":{"line":217,"column":17}},"type":"if","locations":[{"start":{"line":213,"column":16},"end":{"line":217,"column":17}},{"start":{"line":213,"column":16},"end":{"line":217,"column":17}}],"line":213},"17":{"loc":{"start":{"line":222,"column":20},"end":{"line":225,"column":21}},"type":"if","locations":[{"start":{"line":222,"column":20},"end":{"line":225,"column":21}},{"start":{"line":222,"column":20},"end":{"line":225,"column":21}}],"line":222},"18":{"loc":{"start":{"line":227,"column":20},"end":{"line":240,"column":21}},"type":"if","locations":[{"start":{"line":227,"column":20},"end":{"line":240,"column":21}},{"start":{"line":227,"column":20},"end":{"line":240,"column":21}}],"line":227}},"s":{"0":1,"1":1,"2":1,"3":1,"4":1,"5":1,"6":1,"7":1,"8":0,"9":0,"10":0,"11":0,"12":0,"13":0,"14":0,"15":0,"16":0,"17":0,"18":0,"19":0,"20":0,"21":0,"22":0,"23":0,"24":0,"25":0,"26":0,"27":0,"28":0,"29":0,"30":0,"31":0,"32":0,"33":0,"34":0,"35":0,"36":0,"37":0,"38":0,"39":0,"40":1,"41":0,"42":0,"43":0,"44":0,"45":0,"46":0,"47":0,"48":0,"49":0,"50":0,"51":0,"52":0,"53":0,"54":0,"55":0,"56":0,"57":0,"58":0,"59":0,"60":0,"61":0,"62":0,"63":0,"64":0,"65":0,"66":0,"67":0,"68":0,"69":1,"70":0,"71":0,"72":0,"73":0,"74":0,"75":0,"76":0,"77":0,"78":0,"79":0,"80":0,"81":0,"82":0,"83":0,"84":0,"85":0,"86":0,"87":0,"88":0,"89":0,"90":0,"91":0,"92":0,"93":0,"94":0,"95":0,"96":0,"97":0,"98":0,"99":0,"100":0,"101":0,"102":1,"103":0,"104":0,"105":0,"106":0,"107":0,"108":0,"109":0,"110":0,"111":0,"112":0,"113":0,"114":0,"115":0,"116":0,"117":0,"118":0,"119":0,"120":0,"121":0,"122":0,"123":0,"124":0,"125":0,"126":0,"127":0,"128":0,"129":0,"130":0,"131":0,"132":0,"133":0,"134":1},"f":{"0":0,"1":0,"2":0,"3":0,"4":0,"5":0,"6":0,"7":0,"8":0,"9":0,"10":0,"11":0,"12":0},"b":{"0":[0,0],"1":[0,0],"2":[0,0],"3":[0,0],"4":[0,0],"5":[0,0],"6":[0,0],"7":[0,0],"8":[0,0],"9":[0,0],"10":[0,0],"11":[0,0],"12":[0,0],"13":[0,0],"14":[0,0],"15":[0,0],"16":[0,0],"17":[0,0],"18":[0,0]},"_coverageSchema":"1a1c01bbd47fc00a2c39e90264f33305004495a9","hash":"3072a28246c85d429e55bdc514b8b8ebba13a1a7"}
,"/Users/ardaakcabuyuk/IdeaProjects/armut_messaging_service/utils/logger.js": {"path":"/Users/ardaakcabuyuk/IdeaProjects/armut_messaging_service/utils/logger.js","statementMap":{"0":{"start":{"line":1,"column":45},"end":{"line":1,"column":63}},"1":{"start":{"line":3,"column":0},"end":{"line":13,"column":2}},"2":{"start":{"line":10,"column":38},"end":{"line":10,"column":91}}},"fnMap":{"0":{"name":"(anonymous_0)","decl":{"start":{"line":10,"column":30},"end":{"line":10,"column":31}},"loc":{"start":{"line":10,"column":38},"end":{"line":10,"column":91}},"line":10}},"branchMap":{},"s":{"0":1,"1":1,"2":0},"f":{"0":0},"b":{},"_coverageSchema":"1a1c01bbd47fc00a2c39e90264f33305004495a9","hash":"b4d6a6a9e542757f2d452be54321a7635ae9e9a1"}
}
